<?xml version="1.0" encoding="UTF-8"?>
<!-- Generated by org.testng.reporters.JUnitReportReporter -->
<testsuite skipped="0" hostname="LAPTOP-CLOFSUPE" name="com.crm.qa.testcases.LoginPageTest" tests="3" failures="0" timestamp="05 May 2021 07:22:51 GMT" time="25.108" errors="0">
  <testcase name="loginPageTitleTest" time="6.712" classname="com.crm.qa.testcases.LoginPageTest"/>
  <testcase name="crmLogoImageTest" time="8.064" classname="com.crm.qa.testcases.LoginPageTest"/>
  <testcase name="loginTest" time="10.332" classname="com.crm.qa.testcases.LoginPageTest"/>
</testsuite> <!-- com.crm.qa.testcases.LoginPageTest -->
