<?xml version="1.0" encoding="UTF-8"?>
<!-- Generated by org.testng.reporters.JUnitReportReporter -->
<testsuite skipped="0" hostname="LAPTOP-CLOFSUPE" name="com.crm.qa.testcases.HomePageTest" tests="3" failures="0" timestamp="05 May 2021 07:22:51 GMT" time="36.087" errors="0">
  <testcase name="verifyHomePageTitleTest" time="13.063" classname="com.crm.qa.testcases.HomePageTest"/>
  <testcase name="verifyUserNameTest" time="10.660" classname="com.crm.qa.testcases.HomePageTest"/>
  <testcase name="clickOnAdminLinkTest" time="12.364" classname="com.crm.qa.testcases.HomePageTest"/>
</testsuite> <!-- com.crm.qa.testcases.HomePageTest -->
