<?xml version="1.0" encoding="UTF-8"?>
<!-- Generated by org.testng.reporters.JUnitReportReporter -->
<testsuite skipped="0" hostname="LAPTOP-CLOFSUPE" name="com.crm.qa.testcases.LoginPageTest" tests="3" failures="0" timestamp="05 May 2021 10:54:25 GMT" time="29.994" errors="0">
  <testcase name="loginPageTitleTest" time="7.785" classname="com.crm.qa.testcases.LoginPageTest"/>
  <testcase name="crmLogoImageTest" time="8.302" classname="com.crm.qa.testcases.LoginPageTest"/>
  <testcase name="loginTest" time="13.907" classname="com.crm.qa.testcases.LoginPageTest"/>
</testsuite> <!-- com.crm.qa.testcases.LoginPageTest -->
