<?xml version="1.0" encoding="UTF-8"?>
<!-- Generated by org.testng.reporters.JUnitReportReporter -->
<testsuite skipped="0" hostname="LAPTOP-CLOFSUPE" name="com.crm.qa.testcases.AdminPageTest" tests="5" failures="0" timestamp="05 May 2021 10:54:25 GMT" time="97.051" errors="0">
  <testcase name="verifyAdminPageTitleTest" time="20.202" classname="com.crm.qa.testcases.AdminPageTest"/>
  <testcase name="addUserTest" time="18.913" classname="com.crm.qa.testcases.AdminPageTest"/>
  <testcase name="addUserWithDataDrivenApprochTest" time="19.011" classname="com.crm.qa.testcases.AdminPageTest"/>
  <testcase name="addUserWithDataDrivenApprochTest" time="20.858" classname="com.crm.qa.testcases.AdminPageTest"/>
  <testcase name="addUserWithDataDrivenApprochTest" time="18.067" classname="com.crm.qa.testcases.AdminPageTest"/>
</testsuite> <!-- com.crm.qa.testcases.AdminPageTest -->
