<?xml version="1.0" encoding="UTF-8"?>
<!-- Generated by org.testng.reporters.JUnitReportReporter -->
<testsuite skipped="0" hostname="LAPTOP-CLOFSUPE" name="com.crm.qa.testcases.HomePageTest" tests="3" failures="0" timestamp="05 May 2021 10:54:25 GMT" time="46.687" errors="0">
  <testcase name="verifyHomePageTitleTest" time="13.899" classname="com.crm.qa.testcases.HomePageTest"/>
  <testcase name="verifyUserNameTest" time="16.588" classname="com.crm.qa.testcases.HomePageTest"/>
  <testcase name="clickOnAdminLinkTest" time="16.200" classname="com.crm.qa.testcases.HomePageTest"/>
</testsuite> <!-- com.crm.qa.testcases.HomePageTest -->
